Demo2_Layout/app/build/outputs/logs/manifest-merger-debug-report.txt
-- Merging decision tree log ---
manifest
ADDED from src\main\AndroidManifest.xml:2:1-36:12
	package
		ADDED from src\main\AndroidManifest.xml:3:2-37
		INJECTED from src\main\AndroidManifest.xml
		INJECTED from src\main\AndroidManifest.xml
	android:versionName
		ADDED from src\main\AndroidManifest.xml:4:2-29
		INJECTED from src\main\AndroidManifest.xml
		INJECTED from src\main\AndroidManifest.xml
	android:versionCode
		ADDED from src\main\AndroidManifest.xml:3:38-61
		INJECTED from src\main\AndroidManifest.xml
		INJECTED from src\main\AndroidManifest.xml
	xmlns:android
		ADDED from src\main\AndroidManifest.xml:2:11-69
application
ADDED from src\main\AndroidManifest.xml:5:2-35:16
	android:label
		ADDED from src\main\AndroidManifest.xml:6:3-35
	android:icon
		ADDED from src\main\AndroidManifest.xml:5:15-51
activity#com.ece2161android.layout.ActivityMain
ADDED from src\main\AndroidManifest.xml:8:3-15:14
	android:label
		ADDED from src\main\AndroidManifest.xml:9:4-34
	android:name
		ADDED from src\main\AndroidManifest.xml:8:13-41
intent-filter#android.intent.action.MAIN+android.intent.category.LAUNCHER
ADDED from src\main\AndroidManifest.xml:10:4-14:20
action#android.intent.action.MAIN
ADDED from src\main\AndroidManifest.xml:11:5-57
	android:name
		ADDED from src\main\AndroidManifest.xml:11:13-54
category#android.intent.category.LAUNCHER
ADDED from src\main\AndroidManifest.xml:12:5-13:56
	android:name
		ADDED from src\main\AndroidManifest.xml:13:6-53
activity#com.ece2161android.layout.ActivityFrameLayout
ADDED from src\main\AndroidManifest.xml:17:3-19:14
	android:label
		ADDED from src\main\AndroidManifest.xml:18:4-32
	android:name
		ADDED from src\main\AndroidManifest.xml:17:13-48
activity#com.ece2161android.layout.ActivityLayout
ADDED from src\main\AndroidManifest.xml:21:3-23:14
	android:label
		ADDED from src\main\AndroidManifest.xml:22:4-43
	android:name
		ADDED from src\main\AndroidManifest.xml:21:13-43
activity#com.ece2161android.layout.ActivityRelativeLayout
ADDED from src\main\AndroidManifest.xml:25:3-27:14
	android:label
		ADDED from src\main\AndroidManifest.xml:26:4-39
	android:name
		ADDED from src\main\AndroidManifest.xml:25:13-51
activity#com.ece2161android.layout.ActivityTableLayout
ADDED from src\main\AndroidManifest.xml:31:3-33:14
	android:label
		ADDED from src\main\AndroidManifest.xml:32:4-36
	android:name
		ADDED from src\main\AndroidManifest.xml:31:13-48